<?xml version="1.0" encoding="UTF-8"?>
<testng-results ignored="0" total="1" passed="1" failed="0" skipped="0">
  <reporter-output>
  </reporter-output>
  <suite started-at="2023-11-16T15:04:15 IST" name="Default suite" finished-at="2023-11-16T15:04:27 IST" duration-ms="12363">
    <groups>
    </groups>
    <test started-at="2023-11-16T15:04:15 IST" name="Default test" finished-at="2023-11-16T15:04:27 IST" duration-ms="12363">
      <class name="Home_page.TC010">
        <test-method signature="Product_are_categorised()[pri:0, instance:Home_page.TC010@3febb011]" started-at="2023-11-16T15:04:15 IST" name="Product_are_categorised" finished-at="2023-11-16T15:04:27 IST" duration-ms="12233" status="PASS">
          <reporter-output>
          </reporter-output>
        </test-method> <!-- Product_are_categorised -->
      </class> <!-- Home_page.TC010 -->
    </test> <!-- Default test -->
  </suite> <!-- Default suite -->
</testng-results>
