<?xml version="1.0" encoding="UTF-8"?>
<!-- Generated by org.testng.reporters.JUnitXMLReporter -->
<testsuite ignored="0" hostname="DESKTOP-OCC0H5K" failures="0" tests="10" name="Test" time="212.463" errors="0" timestamp="2023-12-03T13:48:12 IST">
  <testcase classname="Search_Functionality.TC001" name="search" time="1.888"/>
  <testcase classname="Search_Functionality.TC002" name="searchAndVerifyResults" time="7.078"/>
  <testcase classname="Search_Functionality.TC002" name="searchAndVerifyResults" time="7.393"/>
  <testcase classname="Search_Functionality.TC002" name="searchAndVerifyResults" time="6.798"/>
  <testcase classname="Search_Functionality.TC002" name="searchAndVerifyResults" time="6.411"/>
  <testcase classname="Search_Functionality.TC003" name="searchApplyFilterAndVerifyResults" time="9.162"/>
  <testcase classname="Search_Functionality.TC004" name="searchBasedOnCriteria" time="28.779"/>
  <testcase classname="Search_Functionality.TC005" name="searchWithSortingOptions" time="5.002"/>
  <testcase classname="Search_Functionality.TC006" name="searchWithResultPerPage" time="7.692"/>
  <testcase classname="Search_Functionality.TC007" name="searchInDifferentCategories" time="41.671"/>
</testsuite> <!-- Test -->
