<?xml version="1.0" encoding="UTF-8"?>
<!-- Generated by org.testng.reporters.JUnitXMLReporter -->
<testsuite ignored="0" hostname="DESKTOP-EA6A4TT" failures="0" tests="7" name="Test" time="89.551" errors="0" timestamp="2023-11-18T21:09:12 IST">
  <testcase classname="Search_Functionality.TC001" name="search" time="0.534"/>
  <testcase classname="Search_Functionality.TC002" name="searchAndVerifyResults" time="3.242"/>
  <testcase classname="Search_Functionality.TC003" name="searchApplyFilterAndVerifyResults" time="5.385"/>
  <testcase classname="Search_Functionality.TC004" name="searchBasedOnCriteria" time="13.992"/>
  <testcase classname="Search_Functionality.TC005" name="searchWithSortingOptions" time="3.422"/>
  <testcase classname="Search_Functionality.TC006" name="searchWithResultPerPage" time="5.856"/>
  <testcase classname="Search_Functionality.TC007" name="searchInDifferentCategories" time="19.619"/>
</testsuite> <!-- Test -->
